<?xml version="1.0" encoding="UTF-8"?>
<testsuite name="com.sample.studentauth.adapter.rest.controller.StudentAuthControllerTest" tests="2" skipped="0" failures="0" errors="0" timestamp="2020-09-19T17:43:29" hostname="DESKTOP-F3O48IO" time="0.075">
  <properties/>
  <testcase name="signupTest" classname="com.sample.studentauth.adapter.rest.controller.StudentAuthControllerTest" time="0.062"/>
  <testcase name="logInTest" classname="com.sample.studentauth.adapter.rest.controller.StudentAuthControllerTest" time="0.012"/>
  <system-out><![CDATA[23:13:22.221 [Test worker] DEBUG org.springframework.test.context.junit4.SpringJUnit4ClassRunner - SpringJUnit4ClassRunner constructor called with [class com.sample.studentauth.adapter.rest.controller.StudentAuthControllerTest]
23:13:22.234 [Test worker] DEBUG org.springframework.test.context.BootstrapUtils - Instantiating CacheAwareContextLoaderDelegate from class [org.springframework.test.context.cache.DefaultCacheAwareContextLoaderDelegate]
23:13:22.250 [Test worker] DEBUG org.springframework.test.context.BootstrapUtils - Instantiating BootstrapContext using constructor [public org.springframework.test.context.support.DefaultBootstrapContext(java.lang.Class,org.springframework.test.context.CacheAwareContextLoaderDelegate)]
23:13:22.286 [Test worker] DEBUG org.springframework.test.context.BootstrapUtils - Instantiating TestContextBootstrapper for test class [com.sample.studentauth.adapter.rest.controller.StudentAuthControllerTest] from class [org.springframework.boot.test.context.SpringBootTestContextBootstrapper]
23:13:22.311 [Test worker] INFO org.springframework.boot.test.context.SpringBootTestContextBootstrapper - Neither @ContextConfiguration nor @ContextHierarchy found for test class [com.sample.studentauth.adapter.rest.controller.StudentAuthControllerTest], using SpringBootContextLoader
23:13:22.319 [Test worker] DEBUG org.springframework.test.context.support.AbstractContextLoader - Did not detect default resource location for test class [com.sample.studentauth.adapter.rest.controller.StudentAuthControllerTest]: class path resource [com/sample/studentauth/adapter/rest/controller/StudentAuthControllerTest-context.xml] does not exist
23:13:22.320 [Test worker] DEBUG org.springframework.test.context.support.AbstractContextLoader - Did not detect default resource location for test class [com.sample.studentauth.adapter.rest.controller.StudentAuthControllerTest]: class path resource [com/sample/studentauth/adapter/rest/controller/StudentAuthControllerTestContext.groovy] does not exist
23:13:22.320 [Test worker] INFO org.springframework.test.context.support.AbstractContextLoader - Could not detect default resource locations for test class [com.sample.studentauth.adapter.rest.controller.StudentAuthControllerTest]: no resource found for suffixes {-context.xml, Context.groovy}.
23:13:22.322 [Test worker] INFO org.springframework.test.context.support.AnnotationConfigContextLoaderUtils - Could not detect default configuration classes for test class [com.sample.studentauth.adapter.rest.controller.StudentAuthControllerTest]: StudentAuthControllerTest does not declare any static, non-private, non-final, nested classes annotated with @Configuration.
23:13:22.394 [Test worker] DEBUG org.springframework.test.context.support.ActiveProfilesUtils - Could not find an 'annotation declaring class' for annotation type [org.springframework.test.context.ActiveProfiles] and class [com.sample.studentauth.adapter.rest.controller.StudentAuthControllerTest]
23:13:22.554 [Test worker] DEBUG org.springframework.context.annotation.ClassPathScanningCandidateComponentProvider - Identified candidate component class: file [F:\student-auth-service\build\classes\java\main\com\sample\studentauth\StudentAuthApplication.class]
23:13:22.556 [Test worker] INFO org.springframework.boot.test.context.SpringBootTestContextBootstrapper - Found @SpringBootConfiguration com.sample.studentauth.StudentAuthApplication for test class com.sample.studentauth.adapter.rest.controller.StudentAuthControllerTest
23:13:22.886 [Test worker] DEBUG org.springframework.boot.test.context.SpringBootTestContextBootstrapper - @TestExecutionListeners is not present for class [com.sample.studentauth.adapter.rest.controller.StudentAuthControllerTest]: using defaults.
23:13:22.887 [Test worker] INFO org.springframework.boot.test.context.SpringBootTestContextBootstrapper - Loaded default TestExecutionListener class names from location [META-INF/spring.factories]: [org.springframework.boot.test.autoconfigure.restdocs.RestDocsTestExecutionListener, org.springframework.boot.test.autoconfigure.web.client.MockRestServiceServerResetTestExecutionListener, org.springframework.boot.test.autoconfigure.web.servlet.MockMvcPrintOnlyOnFailureTestExecutionListener, org.springframework.boot.test.autoconfigure.web.servlet.WebDriverTestExecutionListener, org.springframework.boot.test.mock.mockito.MockitoTestExecutionListener, org.springframework.boot.test.mock.mockito.ResetMocksTestExecutionListener, org.springframework.test.context.web.ServletTestExecutionListener, org.springframework.test.context.support.DirtiesContextBeforeModesTestExecutionListener, org.springframework.test.context.support.DependencyInjectionTestExecutionListener, org.springframework.test.context.support.DirtiesContextTestExecutionListener, org.springframework.test.context.transaction.TransactionalTestExecutionListener, org.springframework.test.context.jdbc.SqlScriptsTestExecutionListener]
23:13:22.919 [Test worker] INFO org.springframework.boot.test.context.SpringBootTestContextBootstrapper - Using TestExecutionListeners: [org.springframework.test.context.web.ServletTestExecutionListener@340246bc, org.springframework.test.context.support.DirtiesContextBeforeModesTestExecutionListener@53bf4a53, org.springframework.boot.test.mock.mockito.MockitoTestExecutionListener@1c9ee01f, org.springframework.boot.test.autoconfigure.SpringBootDependencyInjectionTestExecutionListener@40d339f4, org.springframework.test.context.support.DirtiesContextTestExecutionListener@6642a0f4, org.springframework.test.context.transaction.TransactionalTestExecutionListener@4f8683bd, org.springframework.test.context.jdbc.SqlScriptsTestExecutionListener@24731c4a, org.springframework.boot.test.autoconfigure.restdocs.RestDocsTestExecutionListener@7db68da9, org.springframework.boot.test.autoconfigure.web.client.MockRestServiceServerResetTestExecutionListener@e00c7eb, org.springframework.boot.test.autoconfigure.web.servlet.MockMvcPrintOnlyOnFailureTestExecutionListener@756026fd, org.springframework.boot.test.autoconfigure.web.servlet.WebDriverTestExecutionListener@49cdf557, org.springframework.boot.test.mock.mockito.ResetMocksTestExecutionListener@dfe202]
23:13:22.926 [Test worker] DEBUG org.springframework.test.annotation.ProfileValueUtils - Retrieved @ProfileValueSourceConfiguration [null] for test class [com.sample.studentauth.adapter.rest.controller.StudentAuthControllerTest]
23:13:22.927 [Test worker] DEBUG org.springframework.test.annotation.ProfileValueUtils - Retrieved ProfileValueSource type [class org.springframework.test.annotation.SystemProfileValueSource] for class [com.sample.studentauth.adapter.rest.controller.StudentAuthControllerTest]
23:13:22.929 [Test worker] DEBUG org.springframework.test.annotation.ProfileValueUtils - Retrieved @ProfileValueSourceConfiguration [null] for test class [com.sample.studentauth.adapter.rest.controller.StudentAuthControllerTest]
23:13:22.929 [Test worker] DEBUG org.springframework.test.annotation.ProfileValueUtils - Retrieved ProfileValueSource type [class org.springframework.test.annotation.SystemProfileValueSource] for class [com.sample.studentauth.adapter.rest.controller.StudentAuthControllerTest]
23:13:22.944 [Test worker] DEBUG org.springframework.test.context.support.AbstractDirtiesContextTestExecutionListener - Before test class: context [DefaultTestContext@4858417 testClass = StudentAuthControllerTest, testInstance = [null], testMethod = [null], testException = [null], mergedContextConfiguration = [WebMergedContextConfiguration@7b9292c2 testClass = StudentAuthControllerTest, locations = '{}', classes = '{class com.sample.studentauth.StudentAuthApplication}', contextInitializerClasses = '[]', activeProfiles = '{}', propertySourceLocations = '{}', propertySourceProperties = '{org.springframework.boot.test.context.SpringBootTestContextBootstrapper=true}', contextCustomizers = set[org.springframework.boot.test.autoconfigure.properties.PropertyMappingContextCustomizer@0, org.springframework.boot.test.autoconfigure.web.servlet.WebDriverContextCustomizerFactory$Customizer@435903b2, org.springframework.boot.test.context.filter.ExcludeFilterContextCustomizer@2f4bba40, org.springframework.boot.test.json.DuplicateJsonObjectContextCustomizerFactory$DuplicateJsonObjectContextCustomizer@5bf48d63, org.springframework.boot.test.mock.mockito.MockitoContextCustomizer@0, org.springframework.boot.test.web.client.TestRestTemplateContextCustomizer@1c1ac281], resourceBasePath = 'src/main/webapp', contextLoader = 'org.springframework.boot.test.context.SpringBootContextLoader', parent = [null]], attributes = map['org.springframework.test.context.web.ServletTestExecutionListener.activateListener' -> true]], class annotated with @DirtiesContext [false] with mode [null].
23:13:22.946 [Test worker] DEBUG org.springframework.test.annotation.ProfileValueUtils - Retrieved @ProfileValueSourceConfiguration [null] for test class [com.sample.studentauth.adapter.rest.controller.StudentAuthControllerTest]
23:13:22.946 [Test worker] DEBUG org.springframework.test.annotation.ProfileValueUtils - Retrieved ProfileValueSource type [class org.springframework.test.annotation.SystemProfileValueSource] for class [com.sample.studentauth.adapter.rest.controller.StudentAuthControllerTest]
23:13:22.984 [Test worker] DEBUG org.springframework.test.context.support.TestPropertySourceUtils - Adding inlined properties to environment: {spring.jmx.enabled=false, org.springframework.boot.test.context.SpringBootTestContextBootstrapper=true, server.port=-1}

  .   ____          _            __ _ _
 /\\ / ___'_ __ _ _(_)_ __  __ _ \ \ \ \
( ( )\___ | '_ | '_| | '_ \/ _` | \ \ \ \
 \\/  ___)| |_)| | | | | || (_| |  ) ) ) )
  '  |____| .__|_| |_|_| |_\__, | / / / /
 =========|_|==============|___/=/_/_/_/
 :: Spring Boot ::        (v2.1.8.RELEASE)

2020-09-19 23:13:23.478  WARN 18252 --- [    Test worker] ory$DuplicateJsonObjectContextCustomizer : 

Found multiple occurrences of org.json.JSONObject on the class path:

	jar:file:/C:/Users/user/.gradle/caches/modules-2/files-2.1/org.json/json/20090211/c183aa3a2a6250293808bba12262c8920ce5a51c/json-20090211.jar!/org/json/JSONObject.class
	jar:file:/C:/Users/user/.gradle/caches/modules-2/files-2.1/com.vaadin.external.google/android-json/0.0.20131108.vaadin1/fa26d351fe62a6a17f5cda1287c1c6110dec413f/android-json-0.0.20131108.vaadin1.jar!/org/json/JSONObject.class

You may wish to exclude one of them to ensure predictable runtime behavior

2020-09-19 23:13:23.524  INFO 18252 --- [    Test worker] c.s.s.a.r.c.StudentAuthControllerTest    : Starting StudentAuthControllerTest on DESKTOP-F3O48IO with PID 18252 (started by user in F:\student-auth-service)
2020-09-19 23:13:23.526  INFO 18252 --- [    Test worker] c.s.s.a.r.c.StudentAuthControllerTest    : No active profile set, falling back to default profiles: default
2020-09-19 23:13:25.072  INFO 18252 --- [    Test worker] .s.d.r.c.RepositoryConfigurationDelegate : Bootstrapping Spring Data repositories in DEFAULT mode.
2020-09-19 23:13:25.118  INFO 18252 --- [    Test worker] .s.d.r.c.RepositoryConfigurationDelegate : Finished Spring Data repository scanning in 37ms. Found 0 repository interfaces.
2020-09-19 23:13:26.152  INFO 18252 --- [    Test worker] trationDelegate$BeanPostProcessorChecker : Bean 'org.springframework.hateoas.config.HateoasConfiguration' of type [org.springframework.hateoas.config.HateoasConfiguration$$EnhancerBySpringCGLIB$$af20eb6c] is not eligible for getting processed by all BeanPostProcessors (for example: not eligible for auto-proxying)
2020-09-19 23:13:28.081  INFO 18252 --- [    Test worker] o.s.s.concurrent.ThreadPoolTaskExecutor  : Initializing ExecutorService 'applicationTaskExecutor'
2020-09-19 23:13:29.172  INFO 18252 --- [    Test worker] c.s.s.a.r.c.StudentAuthControllerTest    : Started StudentAuthControllerTest in 6.167 seconds (JVM running for 8.114)
]]></system-out>
  <system-err><![CDATA[]]></system-err>
</testsuite>
