<?xml version="1.0" encoding="UTF-8"?>
<testsuite name="com.sample.studentauth.adapter.rest.model.request.StudentDataTest" tests="13" skipped="0" failures="0" errors="0" timestamp="2020-09-21T15:03:38" hostname="DESKTOP-F3O48IO" time="0.061">
  <properties/>
  <testcase name="getPasswordTest()" classname="com.sample.studentauth.adapter.rest.model.request.StudentDataTest" time="0.003"/>
  <testcase name="getAddressTest()" classname="com.sample.studentauth.adapter.rest.model.request.StudentDataTest" time="0.003"/>
  <testcase name="constructorTest()" classname="com.sample.studentauth.adapter.rest.model.request.StudentDataTest" time="0.003"/>
  <testcase name="setMobileTest()" classname="com.sample.studentauth.adapter.rest.model.request.StudentDataTest" time="0.004"/>
  <testcase name="setPasswordTest()" classname="com.sample.studentauth.adapter.rest.model.request.StudentDataTest" time="0.003"/>
  <testcase name="setEmailIdTest()" classname="com.sample.studentauth.adapter.rest.model.request.StudentDataTest" time="0.003"/>
  <testcase name="setNameTest()" classname="com.sample.studentauth.adapter.rest.model.request.StudentDataTest" time="0.002"/>
  <testcase name="getNameTest()" classname="com.sample.studentauth.adapter.rest.model.request.StudentDataTest" time="0.003"/>
  <testcase name="setIdTest()" classname="com.sample.studentauth.adapter.rest.model.request.StudentDataTest" time="0.002"/>
  <testcase name="getIdTest()" classname="com.sample.studentauth.adapter.rest.model.request.StudentDataTest" time="0.005"/>
  <testcase name="setAddressTest()" classname="com.sample.studentauth.adapter.rest.model.request.StudentDataTest" time="0.005"/>
  <testcase name="getEmailIdTest()" classname="com.sample.studentauth.adapter.rest.model.request.StudentDataTest" time="0.005"/>
  <testcase name="getMobileTest()" classname="com.sample.studentauth.adapter.rest.model.request.StudentDataTest" time="0.003"/>
  <system-out><![CDATA[2020-09-21 20:33:38.447  INFO 14188 --- [    Test worker] .b.t.c.SpringBootTestContextBootstrapper : Neither @ContextConfiguration nor @ContextHierarchy found for test class [com.sample.studentauth.adapter.rest.model.request.StudentDataTest], using SpringBootContextLoader
2020-09-21 20:33:38.449  INFO 14188 --- [    Test worker] o.s.t.c.support.AbstractContextLoader    : Could not detect default resource locations for test class [com.sample.studentauth.adapter.rest.model.request.StudentDataTest]: no resource found for suffixes {-context.xml, Context.groovy}.
2020-09-21 20:33:38.449  INFO 14188 --- [    Test worker] t.c.s.AnnotationConfigContextLoaderUtils : Could not detect default configuration classes for test class [com.sample.studentauth.adapter.rest.model.request.StudentDataTest]: StudentDataTest does not declare any static, non-private, non-final, nested classes annotated with @Configuration.
2020-09-21 20:33:38.459  INFO 14188 --- [    Test worker] .b.t.c.SpringBootTestContextBootstrapper : Found @SpringBootConfiguration com.sample.studentauth.StudentAuthApplication for test class com.sample.studentauth.adapter.rest.model.request.StudentDataTest
2020-09-21 20:33:38.461  INFO 14188 --- [    Test worker] .b.t.c.SpringBootTestContextBootstrapper : Loaded default TestExecutionListener class names from location [META-INF/spring.factories]: [org.springframework.boot.test.autoconfigure.restdocs.RestDocsTestExecutionListener, org.springframework.boot.test.autoconfigure.web.client.MockRestServiceServerResetTestExecutionListener, org.springframework.boot.test.autoconfigure.web.servlet.MockMvcPrintOnlyOnFailureTestExecutionListener, org.springframework.boot.test.autoconfigure.web.servlet.WebDriverTestExecutionListener, org.springframework.boot.test.mock.mockito.MockitoTestExecutionListener, org.springframework.boot.test.mock.mockito.ResetMocksTestExecutionListener, org.springframework.test.context.web.ServletTestExecutionListener, org.springframework.test.context.support.DirtiesContextBeforeModesTestExecutionListener, org.springframework.test.context.support.DependencyInjectionTestExecutionListener, org.springframework.test.context.support.DirtiesContextTestExecutionListener, org.springframework.test.context.transaction.TransactionalTestExecutionListener, org.springframework.test.context.jdbc.SqlScriptsTestExecutionListener]
2020-09-21 20:33:38.462  INFO 14188 --- [    Test worker] .b.t.c.SpringBootTestContextBootstrapper : Using TestExecutionListeners: [org.springframework.test.context.web.ServletTestExecutionListener@643ece44, org.springframework.test.context.support.DirtiesContextBeforeModesTestExecutionListener@75d600c0, org.springframework.boot.test.mock.mockito.MockitoTestExecutionListener@2e93b421, org.springframework.boot.test.autoconfigure.SpringBootDependencyInjectionTestExecutionListener@3a7d8f43, org.springframework.test.context.support.DirtiesContextTestExecutionListener@28233aa6, org.springframework.test.context.transaction.TransactionalTestExecutionListener@6db6ff62, org.springframework.test.context.jdbc.SqlScriptsTestExecutionListener@5eb76c49, org.springframework.boot.test.autoconfigure.restdocs.RestDocsTestExecutionListener@8e6e74b, org.springframework.boot.test.autoconfigure.web.client.MockRestServiceServerResetTestExecutionListener@39a10afb, org.springframework.boot.test.autoconfigure.web.servlet.MockMvcPrintOnlyOnFailureTestExecutionListener@63b6af42, org.springframework.boot.test.autoconfigure.web.servlet.WebDriverTestExecutionListener@6065259, org.springframework.boot.test.mock.mockito.ResetMocksTestExecutionListener@3965316d]
]]></system-out>
  <system-err><![CDATA[]]></system-err>
</testsuite>
