<?xml version="1.0" encoding="UTF-8"?>
<testsuite name="com.sample.studentauth.adapter.rest.model.response.ResponseTest" tests="3" skipped="0" failures="0" errors="0" timestamp="2020-09-21T15:03:38" hostname="DESKTOP-F3O48IO" time="0.013">
  <properties/>
  <testcase name="constructorTest()" classname="com.sample.studentauth.adapter.rest.model.response.ResponseTest" time="0.004"/>
  <testcase name="getMessageTest()" classname="com.sample.studentauth.adapter.rest.model.response.ResponseTest" time="0.004"/>
  <testcase name="setMessageTest()" classname="com.sample.studentauth.adapter.rest.model.response.ResponseTest" time="0.003"/>
  <system-out><![CDATA[2020-09-21 20:33:38.530  INFO 14188 --- [    Test worker] .b.t.c.SpringBootTestContextBootstrapper : Neither @ContextConfiguration nor @ContextHierarchy found for test class [com.sample.studentauth.adapter.rest.model.response.ResponseTest], using SpringBootContextLoader
2020-09-21 20:33:38.532  INFO 14188 --- [    Test worker] o.s.t.c.support.AbstractContextLoader    : Could not detect default resource locations for test class [com.sample.studentauth.adapter.rest.model.response.ResponseTest]: no resource found for suffixes {-context.xml, Context.groovy}.
2020-09-21 20:33:38.532  INFO 14188 --- [    Test worker] t.c.s.AnnotationConfigContextLoaderUtils : Could not detect default configuration classes for test class [com.sample.studentauth.adapter.rest.model.response.ResponseTest]: ResponseTest does not declare any static, non-private, non-final, nested classes annotated with @Configuration.
2020-09-21 20:33:38.543  INFO 14188 --- [    Test worker] .b.t.c.SpringBootTestContextBootstrapper : Found @SpringBootConfiguration com.sample.studentauth.StudentAuthApplication for test class com.sample.studentauth.adapter.rest.model.response.ResponseTest
2020-09-21 20:33:38.545  INFO 14188 --- [    Test worker] .b.t.c.SpringBootTestContextBootstrapper : Loaded default TestExecutionListener class names from location [META-INF/spring.factories]: [org.springframework.boot.test.autoconfigure.restdocs.RestDocsTestExecutionListener, org.springframework.boot.test.autoconfigure.web.client.MockRestServiceServerResetTestExecutionListener, org.springframework.boot.test.autoconfigure.web.servlet.MockMvcPrintOnlyOnFailureTestExecutionListener, org.springframework.boot.test.autoconfigure.web.servlet.WebDriverTestExecutionListener, org.springframework.boot.test.mock.mockito.MockitoTestExecutionListener, org.springframework.boot.test.mock.mockito.ResetMocksTestExecutionListener, org.springframework.test.context.web.ServletTestExecutionListener, org.springframework.test.context.support.DirtiesContextBeforeModesTestExecutionListener, org.springframework.test.context.support.DependencyInjectionTestExecutionListener, org.springframework.test.context.support.DirtiesContextTestExecutionListener, org.springframework.test.context.transaction.TransactionalTestExecutionListener, org.springframework.test.context.jdbc.SqlScriptsTestExecutionListener]
2020-09-21 20:33:38.545  INFO 14188 --- [    Test worker] .b.t.c.SpringBootTestContextBootstrapper : Using TestExecutionListeners: [org.springframework.test.context.web.ServletTestExecutionListener@56f30d91, org.springframework.test.context.support.DirtiesContextBeforeModesTestExecutionListener@1aa65162, org.springframework.boot.test.mock.mockito.MockitoTestExecutionListener@16e82a1, org.springframework.boot.test.autoconfigure.SpringBootDependencyInjectionTestExecutionListener@9d16e63, org.springframework.test.context.support.DirtiesContextTestExecutionListener@4780754d, org.springframework.test.context.transaction.TransactionalTestExecutionListener@6f05019e, org.springframework.test.context.jdbc.SqlScriptsTestExecutionListener@1a8bfd55, org.springframework.boot.test.autoconfigure.restdocs.RestDocsTestExecutionListener@18ab3a11, org.springframework.boot.test.autoconfigure.web.client.MockRestServiceServerResetTestExecutionListener@5c450e54, org.springframework.boot.test.autoconfigure.web.servlet.MockMvcPrintOnlyOnFailureTestExecutionListener@1b0bedb3, org.springframework.boot.test.autoconfigure.web.servlet.WebDriverTestExecutionListener@5eafcad2, org.springframework.boot.test.mock.mockito.ResetMocksTestExecutionListener@1f9508a4]
]]></system-out>
  <system-err><![CDATA[]]></system-err>
</testsuite>
