<?xml version="1.0" encoding="UTF-8"?>
<testsuite name="com.sample.studentauth.service.StudentAuthServiceTest" tests="2" skipped="0" failures="0" errors="0" timestamp="2020-09-21T15:03:39" hostname="DESKTOP-F3O48IO" time="0.06">
  <properties/>
  <testcase name="findUser()" classname="com.sample.studentauth.service.StudentAuthServiceTest" time="0.004"/>
  <testcase name="saveUserTest()" classname="com.sample.studentauth.service.StudentAuthServiceTest" time="0.055"/>
  <system-out><![CDATA[2020-09-21 20:33:38.565  INFO 14188 --- [    Test worker] .b.t.c.SpringBootTestContextBootstrapper : Neither @ContextConfiguration nor @ContextHierarchy found for test class [com.sample.studentauth.service.StudentAuthServiceTest], using SpringBootContextLoader
2020-09-21 20:33:38.566  INFO 14188 --- [    Test worker] o.s.t.c.support.AbstractContextLoader    : Could not detect default resource locations for test class [com.sample.studentauth.service.StudentAuthServiceTest]: no resource found for suffixes {-context.xml, Context.groovy}.
2020-09-21 20:33:38.567  INFO 14188 --- [    Test worker] t.c.s.AnnotationConfigContextLoaderUtils : Could not detect default configuration classes for test class [com.sample.studentauth.service.StudentAuthServiceTest]: StudentAuthServiceTest does not declare any static, non-private, non-final, nested classes annotated with @Configuration.
2020-09-21 20:33:38.574  INFO 14188 --- [    Test worker] .b.t.c.SpringBootTestContextBootstrapper : Found @SpringBootConfiguration com.sample.studentauth.StudentAuthApplication for test class com.sample.studentauth.service.StudentAuthServiceTest
2020-09-21 20:33:38.576  INFO 14188 --- [    Test worker] .b.t.c.SpringBootTestContextBootstrapper : Loaded default TestExecutionListener class names from location [META-INF/spring.factories]: [org.springframework.boot.test.autoconfigure.restdocs.RestDocsTestExecutionListener, org.springframework.boot.test.autoconfigure.web.client.MockRestServiceServerResetTestExecutionListener, org.springframework.boot.test.autoconfigure.web.servlet.MockMvcPrintOnlyOnFailureTestExecutionListener, org.springframework.boot.test.autoconfigure.web.servlet.WebDriverTestExecutionListener, org.springframework.boot.test.mock.mockito.MockitoTestExecutionListener, org.springframework.boot.test.mock.mockito.ResetMocksTestExecutionListener, org.springframework.test.context.web.ServletTestExecutionListener, org.springframework.test.context.support.DirtiesContextBeforeModesTestExecutionListener, org.springframework.test.context.support.DependencyInjectionTestExecutionListener, org.springframework.test.context.support.DirtiesContextTestExecutionListener, org.springframework.test.context.transaction.TransactionalTestExecutionListener, org.springframework.test.context.jdbc.SqlScriptsTestExecutionListener]
2020-09-21 20:33:38.577  INFO 14188 --- [    Test worker] .b.t.c.SpringBootTestContextBootstrapper : Using TestExecutionListeners: [org.springframework.test.context.web.ServletTestExecutionListener@34c12545, org.springframework.test.context.support.DirtiesContextBeforeModesTestExecutionListener@1326f2f2, org.springframework.boot.test.mock.mockito.MockitoTestExecutionListener@1137a31d, org.springframework.boot.test.autoconfigure.SpringBootDependencyInjectionTestExecutionListener@1ed48556, org.springframework.test.context.support.DirtiesContextTestExecutionListener@238270c4, org.springframework.test.context.transaction.TransactionalTestExecutionListener@797a724, org.springframework.test.context.jdbc.SqlScriptsTestExecutionListener@2b14d380, org.springframework.boot.test.autoconfigure.restdocs.RestDocsTestExecutionListener@11d01d81, org.springframework.boot.test.autoconfigure.web.client.MockRestServiceServerResetTestExecutionListener@21e44b2f, org.springframework.boot.test.autoconfigure.web.servlet.MockMvcPrintOnlyOnFailureTestExecutionListener@1b7066b0, org.springframework.boot.test.autoconfigure.web.servlet.WebDriverTestExecutionListener@16753e8d, org.springframework.boot.test.mock.mockito.ResetMocksTestExecutionListener@7d805d7]
]]></system-out>
  <system-err><![CDATA[]]></system-err>
</testsuite>
