<?xml version="1.0" encoding="UTF-8"?>
<testsuite name="com.sample.studentauth.StudentAuthApplicationTests" tests="1" skipped="0" failures="0" errors="0" timestamp="2020-09-21T15:03:39" hostname="DESKTOP-F3O48IO" time="0.003">
  <properties/>
  <testcase name="contextLoads()" classname="com.sample.studentauth.StudentAuthApplicationTests" time="0.003"/>
  <system-out><![CDATA[2020-09-21 20:33:39.080  INFO 14188 --- [    Test worker] .b.t.c.SpringBootTestContextBootstrapper : Neither @ContextConfiguration nor @ContextHierarchy found for test class [com.sample.studentauth.StudentAuthApplicationTests], using SpringBootContextLoader
2020-09-21 20:33:39.081  INFO 14188 --- [    Test worker] o.s.t.c.support.AbstractContextLoader    : Could not detect default resource locations for test class [com.sample.studentauth.StudentAuthApplicationTests]: no resource found for suffixes {-context.xml, Context.groovy}.
2020-09-21 20:33:39.081  INFO 14188 --- [    Test worker] t.c.s.AnnotationConfigContextLoaderUtils : Could not detect default configuration classes for test class [com.sample.studentauth.StudentAuthApplicationTests]: StudentAuthApplicationTests does not declare any static, non-private, non-final, nested classes annotated with @Configuration.
2020-09-21 20:33:39.084  INFO 14188 --- [    Test worker] .b.t.c.SpringBootTestContextBootstrapper : Found @SpringBootConfiguration com.sample.studentauth.StudentAuthApplication for test class com.sample.studentauth.StudentAuthApplicationTests
2020-09-21 20:33:39.086  INFO 14188 --- [    Test worker] .b.t.c.SpringBootTestContextBootstrapper : Loaded default TestExecutionListener class names from location [META-INF/spring.factories]: [org.springframework.boot.test.autoconfigure.restdocs.RestDocsTestExecutionListener, org.springframework.boot.test.autoconfigure.web.client.MockRestServiceServerResetTestExecutionListener, org.springframework.boot.test.autoconfigure.web.servlet.MockMvcPrintOnlyOnFailureTestExecutionListener, org.springframework.boot.test.autoconfigure.web.servlet.WebDriverTestExecutionListener, org.springframework.boot.test.mock.mockito.MockitoTestExecutionListener, org.springframework.boot.test.mock.mockito.ResetMocksTestExecutionListener, org.springframework.test.context.web.ServletTestExecutionListener, org.springframework.test.context.support.DirtiesContextBeforeModesTestExecutionListener, org.springframework.test.context.support.DependencyInjectionTestExecutionListener, org.springframework.test.context.support.DirtiesContextTestExecutionListener, org.springframework.test.context.transaction.TransactionalTestExecutionListener, org.springframework.test.context.jdbc.SqlScriptsTestExecutionListener]
2020-09-21 20:33:39.086  INFO 14188 --- [    Test worker] .b.t.c.SpringBootTestContextBootstrapper : Using TestExecutionListeners: [org.springframework.test.context.web.ServletTestExecutionListener@1649b01, org.springframework.test.context.support.DirtiesContextBeforeModesTestExecutionListener@28efa96, org.springframework.boot.test.mock.mockito.MockitoTestExecutionListener@6faa553f, org.springframework.boot.test.autoconfigure.SpringBootDependencyInjectionTestExecutionListener@888c0a1, org.springframework.test.context.support.DirtiesContextTestExecutionListener@2d11ee22, org.springframework.test.context.transaction.TransactionalTestExecutionListener@583efb5c, org.springframework.test.context.jdbc.SqlScriptsTestExecutionListener@65005ec9, org.springframework.boot.test.autoconfigure.restdocs.RestDocsTestExecutionListener@2bc31700, org.springframework.boot.test.autoconfigure.web.client.MockRestServiceServerResetTestExecutionListener@9018ca4, org.springframework.boot.test.autoconfigure.web.servlet.MockMvcPrintOnlyOnFailureTestExecutionListener@264a62c3, org.springframework.boot.test.autoconfigure.web.servlet.WebDriverTestExecutionListener@41db86d5, org.springframework.boot.test.mock.mockito.ResetMocksTestExecutionListener@7293e2f9]
]]></system-out>
  <system-err><![CDATA[]]></system-err>
</testsuite>
